********************************************************************************
*                         20 октября 2018 г. 19:16:50                          *
********************************************************************************
CSharpCompilerWrapper.exe version: 4.0.4.230
Unity version: 2018.2.10f1
Platform: Windows
Target assembly: Unity.TextMeshPro.dll
Project directory: D:\Documents\Unity Games\Traning_of_Skills
Target profile directory: C:\Program Files\Unity\Editor\Data\MonoBleedingEdge\lib\mono\unityjit
Unity Mono executable: C:\Program Files\Unity\Editor\Data\MonoBleedingEdge\bin\mono.exe
Compiler: Microsoft C# 7.3 (2.8.0.62830)

- Compilation ------------------------------------------------

Process: D:\Documents\Unity Games\Traning_of_Skills\CSharp70Support\Roslyn\csc.exe
Arguments: -noconfig @Temp/UnityTempFile-42cec90b6ce3f014db59851f367c53e4
Exit code: 0
Elapsed time: 3,75 sec

- Output (0 lines):

- Errors (0 lines):

********************************************************************************
*                         20 октября 2018 г. 19:16:54                          *
********************************************************************************
CSharpCompilerWrapper.exe version: 4.0.4.230
Unity version: 2018.2.10f1
Platform: Windows
Target assembly: Assembly-CSharp.dll
Project directory: D:\Documents\Unity Games\Traning_of_Skills
Target profile directory: C:\Program Files\Unity\Editor\Data\MonoBleedingEdge\lib\mono\unityjit
Unity Mono executable: C:\Program Files\Unity\Editor\Data\MonoBleedingEdge\bin\mono.exe
Compiler: Microsoft C# 7.3 (2.8.0.62830)

- Compilation ------------------------------------------------

Process: D:\Documents\Unity Games\Traning_of_Skills\CSharp70Support\Roslyn\csc.exe
Arguments: -noconfig @Temp/UnityTempFile-782f1b92e8aef114a823ed723ca1593b
Exit code: 0
Elapsed time: 1,12 sec

- Output (0 lines):

- Errors (0 lines):

********************************************************************************
*                         20 октября 2018 г. 19:17:10                          *
********************************************************************************
CSharpCompilerWrapper.exe version: 4.0.4.230
Unity version: 2018.2.10f1
Platform: Windows
Target assembly: Unity.TextMeshPro.dll
Project directory: D:\Documents\Unity Games\Traning_of_Skills
Target profile directory: C:\Program Files\Unity\Editor\Data\MonoBleedingEdge\lib\mono\unityjit
Unity Mono executable: C:\Program Files\Unity\Editor\Data\MonoBleedingEdge\bin\mono.exe
Compiler: Microsoft C# 7.3 (2.8.0.62830)

- Compilation ------------------------------------------------

Process: D:\Documents\Unity Games\Traning_of_Skills\CSharp70Support\Roslyn\csc.exe
Arguments: -noconfig @Temp/UnityTempFile-9d0dc9165507520498e3ab84b57399ef
Exit code: 0
Elapsed time: 3,09 sec

- Output (0 lines):

- Errors (0 lines):

********************************************************************************
*                         20 октября 2018 г. 19:17:10                          *
********************************************************************************
CSharpCompilerWrapper.exe version: 4.0.4.230
Unity version: 2018.2.10f1
Platform: Windows
Target assembly: UnityEditor.StandardEvents.dll
Project directory: D:\Documents\Unity Games\Traning_of_Skills
Target profile directory: C:\Program Files\Unity\Editor\Data\MonoBleedingEdge\lib\mono\unityjit
Unity Mono executable: C:\Program Files\Unity\Editor\Data\MonoBleedingEdge\bin\mono.exe
Compiler: Microsoft C# 7.3 (2.8.0.62830)

- Compilation ------------------------------------------------

Process: D:\Documents\Unity Games\Traning_of_Skills\CSharp70Support\Roslyn\csc.exe
Arguments: -noconfig @Temp/UnityTempFile-cedfe100bc914da45a39a56cd47fe0d5
Exit code: 0
Elapsed time: 2,50 sec

- Output (0 lines):

- Errors (0 lines):

********************************************************************************
*                         20 октября 2018 г. 19:17:10                          *
********************************************************************************
CSharpCompilerWrapper.exe version: 4.0.4.230
Unity version: 2018.2.10f1
Platform: Windows
Target assembly: Unity.PackageManagerUI.Editor.dll
Project directory: D:\Documents\Unity Games\Traning_of_Skills
Target profile directory: C:\Program Files\Unity\Editor\Data\MonoBleedingEdge\lib\mono\unityjit
Unity Mono executable: C:\Program Files\Unity\Editor\Data\MonoBleedingEdge\bin\mono.exe
Compiler: Microsoft C# 7.3 (2.8.0.62830)

- Compilation ------------------------------------------------

Process: D:\Documents\Unity Games\Traning_of_Skills\CSharp70Support\Roslyn\csc.exe
Arguments: -noconfig @Temp/UnityTempFile-027dd80b20996484696ec741b1155501
Exit code: 0
Elapsed time: 2,79 sec

- Output (0 lines):

- Errors (0 lines):

********************************************************************************
*                         20 октября 2018 г. 19:17:14                          *
********************************************************************************
CSharpCompilerWrapper.exe version: 4.0.4.230
Unity version: 2018.2.10f1
Platform: Windows
Target assembly: Unity.TextMeshPro.Editor.dll
Project directory: D:\Documents\Unity Games\Traning_of_Skills
Target profile directory: C:\Program Files\Unity\Editor\Data\MonoBleedingEdge\lib\mono\unityjit
Unity Mono executable: C:\Program Files\Unity\Editor\Data\MonoBleedingEdge\bin\mono.exe
Compiler: Microsoft C# 7.3 (2.8.0.62830)

- Compilation ------------------------------------------------

Process: D:\Documents\Unity Games\Traning_of_Skills\CSharp70Support\Roslyn\csc.exe
Arguments: -noconfig @Temp/UnityTempFile-5ffbdb29dacd1904ab58f394ba58ce4f
Exit code: 0
Elapsed time: 1,54 sec

- Output (0 lines):

- Errors (0 lines):

********************************************************************************
*                         20 октября 2018 г. 19:17:16                          *
********************************************************************************
CSharpCompilerWrapper.exe version: 4.0.4.230
Unity version: 2018.2.10f1
Platform: Windows
Target assembly: Assembly-CSharp.dll
Project directory: D:\Documents\Unity Games\Traning_of_Skills
Target profile directory: C:\Program Files\Unity\Editor\Data\MonoBleedingEdge\lib\mono\unityjit
Unity Mono executable: C:\Program Files\Unity\Editor\Data\MonoBleedingEdge\bin\mono.exe
Compiler: Microsoft C# 7.3 (2.8.0.62830)

- Compilation ------------------------------------------------

Process: D:\Documents\Unity Games\Traning_of_Skills\CSharp70Support\Roslyn\csc.exe
Arguments: -noconfig @Temp/UnityTempFile-6a0029d903c300846bbd87df5f36b039
Exit code: 0
Elapsed time: 1,10 sec

- Output (0 lines):

- Errors (0 lines):

********************************************************************************
*                         20 октября 2018 г. 19:17:27                          *
********************************************************************************
CSharpCompilerWrapper.exe version: 4.0.4.230
Unity version: 2018.2.10f1
Platform: Windows
Target assembly: Unity.TextMeshPro.dll
Project directory: D:\Documents\Unity Games\Traning_of_Skills
Target profile directory: C:\Program Files\Unity\Editor\Data\MonoBleedingEdge\lib\mono\unityjit
Unity Mono executable: C:\Program Files\Unity\Editor\Data\MonoBleedingEdge\bin\mono.exe
Compiler: Microsoft C# 7.3 (2.8.0.62830)

- Compilation ------------------------------------------------

Process: D:\Documents\Unity Games\Traning_of_Skills\CSharp70Support\Roslyn\csc.exe
Arguments: -noconfig @Temp/UnityTempFile-eaa4ba9e880ad9a478995fb8f9336c73
Exit code: 0
Elapsed time: 2,30 sec

- Output (0 lines):

- Errors (0 lines):

********************************************************************************
*                         20 октября 2018 г. 19:17:27                          *
********************************************************************************
CSharpCompilerWrapper.exe version: 4.0.4.230
Unity version: 2018.2.10f1
Platform: Windows
Target assembly: UnityEditor.StandardEvents.dll
Project directory: D:\Documents\Unity Games\Traning_of_Skills
Target profile directory: C:\Program Files\Unity\Editor\Data\MonoBleedingEdge\lib\mono\unityjit
Unity Mono executable: C:\Program Files\Unity\Editor\Data\MonoBleedingEdge\bin\mono.exe
Compiler: Microsoft C# 7.3 (2.8.0.62830)

- Compilation ------------------------------------------------

Process: D:\Documents\Unity Games\Traning_of_Skills\CSharp70Support\Roslyn\csc.exe
Arguments: -noconfig @Temp/UnityTempFile-94acf62be416ad9429f8fe5e3a7fc1c5
Exit code: 0
Elapsed time: 1,73 sec

- Output (0 lines):

- Errors (0 lines):

********************************************************************************
*                         20 октября 2018 г. 19:17:27                          *
********************************************************************************
CSharpCompilerWrapper.exe version: 4.0.4.230
Unity version: 2018.2.10f1
Platform: Windows
Target assembly: Unity.PackageManagerUI.Editor.dll
Project directory: D:\Documents\Unity Games\Traning_of_Skills
Target profile directory: C:\Program Files\Unity\Editor\Data\MonoBleedingEdge\lib\mono\unityjit
Unity Mono executable: C:\Program Files\Unity\Editor\Data\MonoBleedingEdge\bin\mono.exe
Compiler: Microsoft C# 7.3 (2.8.0.62830)

- Compilation ------------------------------------------------

Process: D:\Documents\Unity Games\Traning_of_Skills\CSharp70Support\Roslyn\csc.exe
Arguments: -noconfig @Temp/UnityTempFile-1776f23706ce82942b69cfbe1cfde6dd
Exit code: 0
Elapsed time: 1,86 sec

- Output (0 lines):

- Errors (0 lines):

********************************************************************************
*                         20 октября 2018 г. 19:17:30                          *
********************************************************************************
CSharpCompilerWrapper.exe version: 4.0.4.230
Unity version: 2018.2.10f1
Platform: Windows
Target assembly: Unity.TextMeshPro.Editor.dll
Project directory: D:\Documents\Unity Games\Traning_of_Skills
Target profile directory: C:\Program Files\Unity\Editor\Data\MonoBleedingEdge\lib\mono\unityjit
Unity Mono executable: C:\Program Files\Unity\Editor\Data\MonoBleedingEdge\bin\mono.exe
Compiler: Microsoft C# 7.3 (2.8.0.62830)

- Compilation ------------------------------------------------

Process: D:\Documents\Unity Games\Traning_of_Skills\CSharp70Support\Roslyn\csc.exe
Arguments: -noconfig @Temp/UnityTempFile-6a12017197c53fa478c6a134376d4e90
Exit code: 0
Elapsed time: 1,21 sec

- Output (0 lines):

- Errors (0 lines):

********************************************************************************
*                         20 октября 2018 г. 19:17:32                          *
********************************************************************************
CSharpCompilerWrapper.exe version: 4.0.4.230
Unity version: 2018.2.10f1
Platform: Windows
Target assembly: Assembly-CSharp.dll
Project directory: D:\Documents\Unity Games\Traning_of_Skills
Target profile directory: C:\Program Files\Unity\Editor\Data\MonoBleedingEdge\lib\mono\unityjit
Unity Mono executable: C:\Program Files\Unity\Editor\Data\MonoBleedingEdge\bin\mono.exe
Compiler: Microsoft C# 7.3 (2.8.0.62830)

- Compilation ------------------------------------------------

Process: D:\Documents\Unity Games\Traning_of_Skills\CSharp70Support\Roslyn\csc.exe
Arguments: -noconfig @Temp/UnityTempFile-dda8db4c179970745bb38939b0683745
Exit code: 0
Elapsed time: 1,07 sec

- Output (0 lines):

- Errors (0 lines):

